<?xml version="1.0" encoding="UTF-8"?>
<testsuite name="jpabook.jpashop.Service.MemberServiceTest" tests="2" skipped="0" failures="0" errors="0" timestamp="2022-09-29T06:55:52" hostname="hansanghyeog-ui-MacBookPro.local" time="0.101">
  <properties/>
  <testcase name="중복_회원_예외()" classname="jpabook.jpashop.Service.MemberServiceTest" time="0.094"/>
  <testcase name="회원가입()" classname="jpabook.jpashop.Service.MemberServiceTest" time="0.006"/>
  <system-out><![CDATA[2022-09-29 15:55:52.853  INFO 25185 --- [    Test worker] .b.t.c.SpringBootTestContextBootstrapper : Neither @ContextConfiguration nor @ContextHierarchy found for test class [jpabook.jpashop.Service.MemberServiceTest], using SpringBootContextLoader
2022-09-29 15:55:52.854  INFO 25185 --- [    Test worker] o.s.t.c.support.AbstractContextLoader    : Could not detect default resource locations for test class [jpabook.jpashop.Service.MemberServiceTest]: no resource found for suffixes {-context.xml, Context.groovy}.
2022-09-29 15:55:52.854  INFO 25185 --- [    Test worker] t.c.s.AnnotationConfigContextLoaderUtils : Could not detect default configuration classes for test class [jpabook.jpashop.Service.MemberServiceTest]: MemberServiceTest does not declare any static, non-private, non-final, nested classes annotated with @Configuration.
2022-09-29 15:55:52.856  INFO 25185 --- [    Test worker] .b.t.c.SpringBootTestContextBootstrapper : Found @SpringBootConfiguration jpabook.jpashop.JpashopApplication for test class jpabook.jpashop.Service.MemberServiceTest
2022-09-29 15:55:52.857  INFO 25185 --- [    Test worker] .b.t.c.SpringBootTestContextBootstrapper : Loaded default TestExecutionListener class names from location [META-INF/spring.factories]: [org.springframework.boot.test.autoconfigure.restdocs.RestDocsTestExecutionListener, org.springframework.boot.test.autoconfigure.web.client.MockRestServiceServerResetTestExecutionListener, org.springframework.boot.test.autoconfigure.web.servlet.MockMvcPrintOnlyOnFailureTestExecutionListener, org.springframework.boot.test.autoconfigure.web.servlet.WebDriverTestExecutionListener, org.springframework.boot.test.autoconfigure.webservices.client.MockWebServiceServerTestExecutionListener, org.springframework.boot.test.mock.mockito.MockitoTestExecutionListener, org.springframework.boot.test.mock.mockito.ResetMocksTestExecutionListener, org.springframework.test.context.web.ServletTestExecutionListener, org.springframework.test.context.support.DirtiesContextBeforeModesTestExecutionListener, org.springframework.test.context.event.ApplicationEventsTestExecutionListener, org.springframework.test.context.support.DependencyInjectionTestExecutionListener, org.springframework.test.context.support.DirtiesContextTestExecutionListener, org.springframework.test.context.transaction.TransactionalTestExecutionListener, org.springframework.test.context.jdbc.SqlScriptsTestExecutionListener, org.springframework.test.context.event.EventPublishingTestExecutionListener]
2022-09-29 15:55:52.857  INFO 25185 --- [    Test worker] .b.t.c.SpringBootTestContextBootstrapper : Using TestExecutionListeners: [org.springframework.test.context.web.ServletTestExecutionListener@1c571162, org.springframework.test.context.support.DirtiesContextBeforeModesTestExecutionListener@3e0b1f03, org.springframework.test.context.event.ApplicationEventsTestExecutionListener@d60cbad, org.springframework.boot.test.mock.mockito.MockitoTestExecutionListener@51d9479c, org.springframework.boot.test.autoconfigure.SpringBootDependencyInjectionTestExecutionListener@752180c4, org.springframework.test.context.support.DirtiesContextTestExecutionListener@13346a64, org.springframework.test.context.transaction.TransactionalTestExecutionListener@1802f60c, org.springframework.test.context.jdbc.SqlScriptsTestExecutionListener@3fcb737, org.springframework.test.context.event.EventPublishingTestExecutionListener@7a22302c, org.springframework.boot.test.autoconfigure.restdocs.RestDocsTestExecutionListener@4af50246, org.springframework.boot.test.autoconfigure.web.client.MockRestServiceServerResetTestExecutionListener@45482f82, org.springframework.boot.test.autoconfigure.web.servlet.MockMvcPrintOnlyOnFailureTestExecutionListener@23eb6d13, org.springframework.boot.test.autoconfigure.web.servlet.WebDriverTestExecutionListener@48a38a12, org.springframework.boot.test.autoconfigure.webservices.client.MockWebServiceServerTestExecutionListener@2aa65672, org.springframework.boot.test.mock.mockito.ResetMocksTestExecutionListener@2e96489b]
2022-09-29 15:55:52.885  INFO 25185 --- [    Test worker] o.s.t.c.transaction.TransactionContext   : Began transaction (1) for test context [DefaultTestContext@65b69ccb testClass = MemberServiceTest, testInstance = jpabook.jpashop.Service.MemberServiceTest@4a9f0360, testMethod = 중복_회원_예외@MemberServiceTest, testException = [null], mergedContextConfiguration = [WebMergedContextConfiguration@6f12b637 testClass = MemberServiceTest, locations = '{}', classes = '{class jpabook.jpashop.JpashopApplication}', contextInitializerClasses = '[]', activeProfiles = '{}', propertySourceLocations = '{}', propertySourceProperties = '{org.springframework.boot.test.context.SpringBootTestContextBootstrapper=true}', contextCustomizers = set[org.springframework.boot.test.autoconfigure.actuate.metrics.MetricsExportContextCustomizerFactory$DisableMetricExportContextCustomizer@413f69cc, org.springframework.boot.test.autoconfigure.properties.PropertyMappingContextCustomizer@0, org.springframework.boot.test.autoconfigure.web.servlet.WebDriverContextCustomizerFactory$Customizer@172b013, org.springframework.boot.test.context.filter.ExcludeFilterContextCustomizer@70f02c32, org.springframework.boot.test.json.DuplicateJsonObjectContextCustomizerFactory$DuplicateJsonObjectContextCustomizer@401f7633, org.springframework.boot.test.mock.mockito.MockitoContextCustomizer@0, org.springframework.boot.test.web.client.TestRestTemplateContextCustomizer@5f354bcf, org.springframework.boot.test.context.SpringBootTestArgs@1, org.springframework.boot.test.context.SpringBootTestWebEnvironment@7ee8290b], resourceBasePath = 'src/main/webapp', contextLoader = 'org.springframework.boot.test.context.SpringBootContextLoader', parent = [null]], attributes = map['org.springframework.test.context.web.ServletTestExecutionListener.activateListener' -> true, 'org.springframework.test.context.web.ServletTestExecutionListener.populatedRequestContextHolder' -> true, 'org.springframework.test.context.web.ServletTestExecutionListener.resetRequestContextHolder' -> true, 'org.springframework.test.context.event.ApplicationEventsTestExecutionListener.recordApplicationEvents' -> false]]; transaction manager [org.springframework.orm.jpa.JpaTransactionManager@237c8718]; rollback [true]
2022-09-29 15:55:52.955  INFO 25185 --- [    Test worker] o.s.t.c.transaction.TransactionContext   : Rolled back transaction for test: [DefaultTestContext@65b69ccb testClass = MemberServiceTest, testInstance = jpabook.jpashop.Service.MemberServiceTest@4a9f0360, testMethod = 중복_회원_예외@MemberServiceTest, testException = [null], mergedContextConfiguration = [WebMergedContextConfiguration@6f12b637 testClass = MemberServiceTest, locations = '{}', classes = '{class jpabook.jpashop.JpashopApplication}', contextInitializerClasses = '[]', activeProfiles = '{}', propertySourceLocations = '{}', propertySourceProperties = '{org.springframework.boot.test.context.SpringBootTestContextBootstrapper=true}', contextCustomizers = set[org.springframework.boot.test.autoconfigure.actuate.metrics.MetricsExportContextCustomizerFactory$DisableMetricExportContextCustomizer@413f69cc, org.springframework.boot.test.autoconfigure.properties.PropertyMappingContextCustomizer@0, org.springframework.boot.test.autoconfigure.web.servlet.WebDriverContextCustomizerFactory$Customizer@172b013, org.springframework.boot.test.context.filter.ExcludeFilterContextCustomizer@70f02c32, org.springframework.boot.test.json.DuplicateJsonObjectContextCustomizerFactory$DuplicateJsonObjectContextCustomizer@401f7633, org.springframework.boot.test.mock.mockito.MockitoContextCustomizer@0, org.springframework.boot.test.web.client.TestRestTemplateContextCustomizer@5f354bcf, org.springframework.boot.test.context.SpringBootTestArgs@1, org.springframework.boot.test.context.SpringBootTestWebEnvironment@7ee8290b], resourceBasePath = 'src/main/webapp', contextLoader = 'org.springframework.boot.test.context.SpringBootContextLoader', parent = [null]], attributes = map['org.springframework.test.context.web.ServletTestExecutionListener.activateListener' -> true, 'org.springframework.test.context.web.ServletTestExecutionListener.populatedRequestContextHolder' -> true, 'org.springframework.test.context.web.ServletTestExecutionListener.resetRequestContextHolder' -> true, 'org.springframework.test.context.event.ApplicationEventsTestExecutionListener.recordApplicationEvents' -> false]]
2022-09-29 15:55:52.957  INFO 25185 --- [    Test worker] o.s.t.c.transaction.TransactionContext   : Began transaction (1) for test context [DefaultTestContext@65b69ccb testClass = MemberServiceTest, testInstance = jpabook.jpashop.Service.MemberServiceTest@28796d0e, testMethod = 회원가입@MemberServiceTest, testException = [null], mergedContextConfiguration = [WebMergedContextConfiguration@6f12b637 testClass = MemberServiceTest, locations = '{}', classes = '{class jpabook.jpashop.JpashopApplication}', contextInitializerClasses = '[]', activeProfiles = '{}', propertySourceLocations = '{}', propertySourceProperties = '{org.springframework.boot.test.context.SpringBootTestContextBootstrapper=true}', contextCustomizers = set[org.springframework.boot.test.autoconfigure.actuate.metrics.MetricsExportContextCustomizerFactory$DisableMetricExportContextCustomizer@413f69cc, org.springframework.boot.test.autoconfigure.properties.PropertyMappingContextCustomizer@0, org.springframework.boot.test.autoconfigure.web.servlet.WebDriverContextCustomizerFactory$Customizer@172b013, org.springframework.boot.test.context.filter.ExcludeFilterContextCustomizer@70f02c32, org.springframework.boot.test.json.DuplicateJsonObjectContextCustomizerFactory$DuplicateJsonObjectContextCustomizer@401f7633, org.springframework.boot.test.mock.mockito.MockitoContextCustomizer@0, org.springframework.boot.test.web.client.TestRestTemplateContextCustomizer@5f354bcf, org.springframework.boot.test.context.SpringBootTestArgs@1, org.springframework.boot.test.context.SpringBootTestWebEnvironment@7ee8290b], resourceBasePath = 'src/main/webapp', contextLoader = 'org.springframework.boot.test.context.SpringBootContextLoader', parent = [null]], attributes = map['org.springframework.test.context.web.ServletTestExecutionListener.activateListener' -> true, 'org.springframework.test.context.web.ServletTestExecutionListener.populatedRequestContextHolder' -> true, 'org.springframework.test.context.web.ServletTestExecutionListener.resetRequestContextHolder' -> true, 'org.springframework.test.context.event.ApplicationEventsTestExecutionListener.recordApplicationEvents' -> false]]; transaction manager [org.springframework.orm.jpa.JpaTransactionManager@237c8718]; rollback [true]
2022-09-29 15:55:52.962  INFO 25185 --- [    Test worker] o.s.t.c.transaction.TransactionContext   : Rolled back transaction for test: [DefaultTestContext@65b69ccb testClass = MemberServiceTest, testInstance = jpabook.jpashop.Service.MemberServiceTest@28796d0e, testMethod = 회원가입@MemberServiceTest, testException = [null], mergedContextConfiguration = [WebMergedContextConfiguration@6f12b637 testClass = MemberServiceTest, locations = '{}', classes = '{class jpabook.jpashop.JpashopApplication}', contextInitializerClasses = '[]', activeProfiles = '{}', propertySourceLocations = '{}', propertySourceProperties = '{org.springframework.boot.test.context.SpringBootTestContextBootstrapper=true}', contextCustomizers = set[org.springframework.boot.test.autoconfigure.actuate.metrics.MetricsExportContextCustomizerFactory$DisableMetricExportContextCustomizer@413f69cc, org.springframework.boot.test.autoconfigure.properties.PropertyMappingContextCustomizer@0, org.springframework.boot.test.autoconfigure.web.servlet.WebDriverContextCustomizerFactory$Customizer@172b013, org.springframework.boot.test.context.filter.ExcludeFilterContextCustomizer@70f02c32, org.springframework.boot.test.json.DuplicateJsonObjectContextCustomizerFactory$DuplicateJsonObjectContextCustomizer@401f7633, org.springframework.boot.test.mock.mockito.MockitoContextCustomizer@0, org.springframework.boot.test.web.client.TestRestTemplateContextCustomizer@5f354bcf, org.springframework.boot.test.context.SpringBootTestArgs@1, org.springframework.boot.test.context.SpringBootTestWebEnvironment@7ee8290b], resourceBasePath = 'src/main/webapp', contextLoader = 'org.springframework.boot.test.context.SpringBootContextLoader', parent = [null]], attributes = map['org.springframework.test.context.web.ServletTestExecutionListener.activateListener' -> true, 'org.springframework.test.context.web.ServletTestExecutionListener.populatedRequestContextHolder' -> true, 'org.springframework.test.context.web.ServletTestExecutionListener.resetRequestContextHolder' -> true, 'org.springframework.test.context.event.ApplicationEventsTestExecutionListener.recordApplicationEvents' -> false]]
]]></system-out>
  <system-err><![CDATA[]]></system-err>
</testsuite>
